==8661== Memcheck, a memory error detector
==8661== Copyright (C) 2002-2017, and GNU GPL'd, by Julian Seward et al.
==8661== Using Valgrind-3.13.0 and LibVEX; rerun with -h for copyright info
==8661== Command: /rhome/m/mkapo2/workspace/TP/T2/Z2/.runme
==8661== Parent PID: 8654
==8661== 
==8661== 
==8661== Process terminating with default action of signal 1 (SIGHUP)
==8661==    at 0x56EF081: read (read.c:27)
==8661==    by 0x566C147: _IO_file_underflow@@GLIBC_2.2.5 (fileops.c:531)
==8661==    by 0x566D3F1: _IO_default_uflow (genops.c:380)
==8661==    by 0x512B95C: __gnu_cxx::stdio_sync_filebuf<char, std::char_traits<char> >::underflow() (in /usr/lib/x86_64-linux-gnu/libstdc++.so.6.0.25)
==8661==    by 0x5139739: std::istream::sentry::sentry(std::istream&, bool) (in /usr/lib/x86_64-linux-gnu/libstdc++.so.6.0.25)
==8661==    by 0x513BCCD: std::istream& std::istream::_M_extract<double>(double&) (in /usr/lib/x86_64-linux-gnu/libstdc++.so.6.0.25)
==8661==    by 0x1090D8: main (main.cpp:47)
==8661== 
==8661== HEAP SUMMARY:
==8661==     in use at exit: 0 bytes in 0 blocks
==8661==   total heap usage: 2 allocs, 2 frees, 73,728 bytes allocated
==8661== 
==8661== All heap blocks were freed -- no leaks are possible
==8661== 
==8661== For counts of detected and suppressed errors, rerun with: -v
==8661== ERROR SUMMARY: 0 errors from 0 contexts (suppressed: 0 from 0)
