==22457== Memcheck, a memory error detector
==22457== Copyright (C) 2002-2017, and GNU GPL'd, by Julian Seward et al.
==22457== Using Valgrind-3.13.0 and LibVEX; rerun with -h for copyright info
==22457== Command: /rhome/m/mkapo2/workspace/TP/T8/Z5/.runme
==22457== Parent PID: 22435
==22457== 
==22457== 
==22457== Process terminating with default action of signal 1 (SIGHUP)
==22457==    at 0x54D7081: read (read.c:27)
==22457==    by 0x5454147: _IO_file_underflow@@GLIBC_2.2.5 (fileops.c:531)
==22457==    by 0x54553F1: _IO_default_uflow (genops.c:380)
==22457==    by 0x512B95C: __gnu_cxx::stdio_sync_filebuf<char, std::char_traits<char> >::underflow() (in /usr/lib/x86_64-linux-gnu/libstdc++.so.6.0.25)
==22457==    by 0x5139739: std::istream::sentry::sentry(std::istream&, bool) (in /usr/lib/x86_64-linux-gnu/libstdc++.so.6.0.25)
==22457==    by 0x513BCCD: std::istream& std::istream::_M_extract<double>(double&) (in /usr/lib/x86_64-linux-gnu/libstdc++.so.6.0.25)
==22457==    by 0x108A9A: UnesiVektor(std::tuple<double, double, double>&) (main.cpp:9)
==22457==    by 0x108EDF: main (main.cpp:30)
==22457== 
==22457== HEAP SUMMARY:
==22457==     in use at exit: 0 bytes in 0 blocks
==22457==   total heap usage: 2 allocs, 2 frees, 73,728 bytes allocated
==22457== 
==22457== All heap blocks were freed -- no leaks are possible
==22457== 
==22457== For counts of detected and suppressed errors, rerun with: -v
==22457== ERROR SUMMARY: 0 errors from 0 contexts (suppressed: 0 from 0)
