==27298== Memcheck, a memory error detector
==27298== Copyright (C) 2002-2017, and GNU GPL'd, by Julian Seward et al.
==27298== Using Valgrind-3.13.0 and LibVEX; rerun with -h for copyright info
==27298== Command: /rhome/m/mkapo2/workspace/TP/T6/Z3/.runme
==27298== Parent PID: 27280
==27298== 
==27298== 
==27298== Process terminating with default action of signal 1 (SIGHUP)
==27298==    at 0x56EF081: read (read.c:27)
==27298==    by 0x566C147: _IO_file_underflow@@GLIBC_2.2.5 (fileops.c:531)
==27298==    by 0x566D3F1: _IO_default_uflow (genops.c:380)
==27298==    by 0x512B95C: __gnu_cxx::stdio_sync_filebuf<char, std::char_traits<char> >::underflow() (in /usr/lib/x86_64-linux-gnu/libstdc++.so.6.0.25)
==27298==    by 0x5139739: std::istream::sentry::sentry(std::istream&, bool) (in /usr/lib/x86_64-linux-gnu/libstdc++.so.6.0.25)
==27298==    by 0x513996D: std::istream::operator>>(int&) (in /usr/lib/x86_64-linux-gnu/libstdc++.so.6.0.25)
==27298==    by 0x109609: main (main.cpp:53)
==27298== 
==27298== HEAP SUMMARY:
==27298==     in use at exit: 0 bytes in 0 blocks
==27298==   total heap usage: 2 allocs, 2 frees, 73,728 bytes allocated
==27298== 
==27298== All heap blocks were freed -- no leaks are possible
==27298== 
==27298== For counts of detected and suppressed errors, rerun with: -v
==27298== ERROR SUMMARY: 0 errors from 0 contexts (suppressed: 0 from 0)
