==21022== Memcheck, a memory error detector
==21022== Copyright (C) 2002-2017, and GNU GPL'd, by Julian Seward et al.
==21022== Using Valgrind-3.13.0 and LibVEX; rerun with -h for copyright info
==21022== Command: /rhome/m/mkapo2/workspace/TP/T11/Z4/.runme
==21022== Parent PID: 20995
==21022== 
==21022== Invalid read of size 8
==21022==    at 0x109A4D: Liga::~Liga() (main.cpp:85)
==21022==    by 0x10AD83: main (main.cpp:236)
==21022==  Address 0x5d7fdd0 is 0 bytes inside a block of size 16 free'd
==21022==    at 0x4C3173B: operator delete[](void*) (in /usr/lib/valgrind/vgpreload_memcheck-amd64-linux.so)
==21022==    by 0x109A7A: Liga::~Liga() (main.cpp:86)
==21022==    by 0x10AAA9: main (main.cpp:242)
==21022==  Block was alloc'd at
==21022==    at 0x4C3089F: operator new[](unsigned long) (in /usr/lib/valgrind/vgpreload_memcheck-amd64-linux.so)
==21022==    by 0x10C0D8: Liga::Liga(std::initializer_list<Tim>) (main.cpp:65)
==21022==    by 0x10A98F: main (main.cpp:231)
==21022== 
==21022== Invalid free() / delete / delete[] / realloc()
==21022==    at 0x4C3123B: operator delete(void*) (in /usr/lib/valgrind/vgpreload_memcheck-amd64-linux.so)
==21022==    by 0x109A57: Liga::~Liga() (main.cpp:85)
==21022==    by 0x10AD83: main (main.cpp:236)
==21022==  Address 0x5d7fe20 is 0 bytes inside a block of size 52 free'd
==21022==    at 0x4C3123B: operator delete(void*) (in /usr/lib/valgrind/vgpreload_memcheck-amd64-linux.so)
==21022==    by 0x109A57: Liga::~Liga() (main.cpp:85)
==21022==    by 0x10AAA9: main (main.cpp:242)
==21022==  Block was alloc'd at
==21022==    at 0x4C3017F: operator new(unsigned long) (in /usr/lib/valgrind/vgpreload_memcheck-amd64-linux.so)
==21022==    by 0x10C190: Liga::Liga(std::initializer_list<Tim>) (main.cpp:68)
==21022==    by 0x10A98F: main (main.cpp:231)
==21022== 
==21022== Invalid free() / delete / delete[] / realloc()
==21022==    at 0x4C3173B: operator delete[](void*) (in /usr/lib/valgrind/vgpreload_memcheck-amd64-linux.so)
==21022==    by 0x109A7A: Liga::~Liga() (main.cpp:86)
==21022==    by 0x10AD83: main (main.cpp:236)
==21022==  Address 0x5d7fdd0 is 0 bytes inside a block of size 16 free'd
==21022==    at 0x4C3173B: operator delete[](void*) (in /usr/lib/valgrind/vgpreload_memcheck-amd64-linux.so)
==21022==    by 0x109A7A: Liga::~Liga() (main.cpp:86)
==21022==    by 0x10AAA9: main (main.cpp:242)
==21022==  Block was alloc'd at
==21022==    at 0x4C3089F: operator new[](unsigned long) (in /usr/lib/valgrind/vgpreload_memcheck-amd64-linux.so)
==21022==    by 0x10C0D8: Liga::Liga(std::initializer_list<Tim>) (main.cpp:65)
==21022==    by 0x10A98F: main (main.cpp:231)
==21022== 
==21022== Invalid read of size 8
==21022==    at 0x109A4D: Liga::~Liga() (main.cpp:85)
==21022==    by 0x10AD92: main (main.cpp:232)
==21022==  Address 0x5d7ff20 is 0 bytes inside a block of size 16 free'd
==21022==    at 0x4C3173B: operator delete[](void*) (in /usr/lib/valgrind/vgpreload_memcheck-amd64-linux.so)
==21022==    by 0x109A7A: Liga::~Liga() (main.cpp:86)
==21022==    by 0x10AA9A: main (main.cpp:242)
==21022==  Block was alloc'd at
==21022==    at 0x4C3089F: operator new[](unsigned long) (in /usr/lib/valgrind/vgpreload_memcheck-amd64-linux.so)
==21022==    by 0x109AE2: Liga::Liga(Liga const&) (main.cpp:91)
==21022==    by 0x10A9A8: main (main.cpp:232)
==21022== 
==21022== Invalid free() / delete / delete[] / realloc()
==21022==    at 0x4C3123B: operator delete(void*) (in /usr/lib/valgrind/vgpreload_memcheck-amd64-linux.so)
==21022==    by 0x109A57: Liga::~Liga() (main.cpp:85)
==21022==    by 0x10AD92: main (main.cpp:232)
==21022==  Address 0x5d7ff70 is 0 bytes inside a block of size 52 free'd
==21022==    at 0x4C3123B: operator delete(void*) (in /usr/lib/valgrind/vgpreload_memcheck-amd64-linux.so)
==21022==    by 0x109A57: Liga::~Liga() (main.cpp:85)
==21022==    by 0x10AA9A: main (main.cpp:242)
==21022==  Block was alloc'd at
==21022==    at 0x4C3017F: operator new(unsigned long) (in /usr/lib/valgrind/vgpreload_memcheck-amd64-linux.so)
==21022==    by 0x109B3A: Liga::Liga(Liga const&) (main.cpp:92)
==21022==    by 0x10A9A8: main (main.cpp:232)
==21022== 
==21022== Invalid free() / delete / delete[] / realloc()
==21022==    at 0x4C3173B: operator delete[](void*) (in /usr/lib/valgrind/vgpreload_memcheck-amd64-linux.so)
==21022==    by 0x109A7A: Liga::~Liga() (main.cpp:86)
==21022==    by 0x10AD92: main (main.cpp:232)
==21022==  Address 0x5d7ff20 is 0 bytes inside a block of size 16 free'd
==21022==    at 0x4C3173B: operator delete[](void*) (in /usr/lib/valgrind/vgpreload_memcheck-amd64-linux.so)
==21022==    by 0x109A7A: Liga::~Liga() (main.cpp:86)
==21022==    by 0x10AA9A: main (main.cpp:242)
==21022==  Block was alloc'd at
==21022==    at 0x4C3089F: operator new[](unsigned long) (in /usr/lib/valgrind/vgpreload_memcheck-amd64-linux.so)
==21022==    by 0x109AE2: Liga::Liga(Liga const&) (main.cpp:91)
==21022==    by 0x10A9A8: main (main.cpp:232)
==21022== 
==21022== 
==21022== HEAP SUMMARY:
==21022==     in use at exit: 120 bytes in 3 blocks
==21022==   total heap usage: 18 allocs, 21 frees, 74,448 bytes allocated
==21022== 
==21022== 120 (16 direct, 104 indirect) bytes in 1 blocks are definitely lost in loss record 2 of 2
==21022==    at 0x4C3089F: operator new[](unsigned long) (in /usr/lib/valgrind/vgpreload_memcheck-amd64-linux.so)
==21022==    by 0x10C0D8: Liga::Liga(std::initializer_list<Tim>) (main.cpp:65)
==21022==    by 0x10A931: main (main.cpp:230)
==21022== 
==21022== LEAK SUMMARY:
==21022==    definitely lost: 16 bytes in 1 blocks
==21022==    indirectly lost: 104 bytes in 2 blocks
==21022==      possibly lost: 0 bytes in 0 blocks
==21022==    still reachable: 0 bytes in 0 blocks
==21022==         suppressed: 0 bytes in 0 blocks
==21022== 
==21022== For counts of detected and suppressed errors, rerun with: -v
==21022== ERROR SUMMARY: 11 errors from 7 contexts (suppressed: 0 from 0)
