==2459== Memcheck, a memory error detector
==2459== Copyright (C) 2002-2017, and GNU GPL'd, by Julian Seward et al.
==2459== Using Valgrind-3.13.0 and LibVEX; rerun with -h for copyright info
==2459== Command: /rhome/m/mkapo2/workspace/TP/T5/Z3/.runme
==2459== Parent PID: 2439
==2459== 
==2459== 
==2459== Process terminating with default action of signal 1 (SIGHUP)
==2459==    at 0x5875081: read (read.c:27)
==2459==    by 0x57F2147: _IO_file_underflow@@GLIBC_2.2.5 (fileops.c:531)
==2459==    by 0x57F33F1: _IO_default_uflow (genops.c:380)
==2459==    by 0x512B95C: __gnu_cxx::stdio_sync_filebuf<char, std::char_traits<char> >::underflow() (in /usr/lib/x86_64-linux-gnu/libstdc++.so.6.0.25)
==2459==    by 0x5139739: std::istream::sentry::sentry(std::istream&, bool) (in /usr/lib/x86_64-linux-gnu/libstdc++.so.6.0.25)
==2459==    by 0x513996D: std::istream::operator>>(int&) (in /usr/lib/x86_64-linux-gnu/libstdc++.so.6.0.25)
==2459==    by 0x108CB2: main (main.cpp:51)
==2459== 
==2459== HEAP SUMMARY:
==2459==     in use at exit: 0 bytes in 0 blocks
==2459==   total heap usage: 2 allocs, 2 frees, 73,728 bytes allocated
==2459== 
==2459== All heap blocks were freed -- no leaks are possible
==2459== 
==2459== For counts of detected and suppressed errors, rerun with: -v
==2459== ERROR SUMMARY: 0 errors from 0 contexts (suppressed: 0 from 0)
