==7527== Memcheck, a memory error detector
==7527== Copyright (C) 2002-2017, and GNU GPL'd, by Julian Seward et al.
==7527== Using Valgrind-3.13.0 and LibVEX; rerun with -h for copyright info
==7527== Command: /rhome/m/mkapo2/workspace/TP/T7/Z1/.runme
==7527== Parent PID: 7507
==7527== 
==7527== 
==7527== Process terminating with default action of signal 1 (SIGHUP)
==7527==    at 0x56EF081: read (read.c:27)
==7527==    by 0x566C147: _IO_file_underflow@@GLIBC_2.2.5 (fileops.c:531)
==7527==    by 0x566D3F1: _IO_default_uflow (genops.c:380)
==7527==    by 0x512B95C: __gnu_cxx::stdio_sync_filebuf<char, std::char_traits<char> >::underflow() (in /usr/lib/x86_64-linux-gnu/libstdc++.so.6.0.25)
==7527==    by 0x5139739: std::istream::sentry::sentry(std::istream&, bool) (in /usr/lib/x86_64-linux-gnu/libstdc++.so.6.0.25)
==7527==    by 0x513996D: std::istream::operator>>(int&) (in /usr/lib/x86_64-linux-gnu/libstdc++.so.6.0.25)
==7527==    by 0x108F6D: main (main.cpp:18)
==7527== 
==7527== HEAP SUMMARY:
==7527==     in use at exit: 0 bytes in 0 blocks
==7527==   total heap usage: 2 allocs, 2 frees, 73,728 bytes allocated
==7527== 
==7527== All heap blocks were freed -- no leaks are possible
==7527== 
==7527== For counts of detected and suppressed errors, rerun with: -v
==7527== ERROR SUMMARY: 0 errors from 0 contexts (suppressed: 0 from 0)
