==19778== Memcheck, a memory error detector
==19778== Copyright (C) 2002-2017, and GNU GPL'd, by Julian Seward et al.
==19778== Using Valgrind-3.13.0 and LibVEX; rerun with -h for copyright info
==19778== Command: /rhome/m/mkapo2/workspace/TP/T4/Z2/.runme
==19778== Parent PID: 19752
==19778== 
==19778== 
==19778== Process terminating with default action of signal 1 (SIGHUP)
==19778==    at 0x56EF081: read (read.c:27)
==19778==    by 0x566C147: _IO_file_underflow@@GLIBC_2.2.5 (fileops.c:531)
==19778==    by 0x566D3F1: _IO_default_uflow (genops.c:380)
==19778==    by 0x512B95C: __gnu_cxx::stdio_sync_filebuf<char, std::char_traits<char> >::underflow() (in /usr/lib/x86_64-linux-gnu/libstdc++.so.6.0.25)
==19778==    by 0x50E9F48: std::basic_istream<char, std::char_traits<char> >& std::getline<char, std::char_traits<char>, std::allocator<char> >(std::basic_istream<char, std::char_traits<char> >&, std::__cxx11::basic_string<char, std::char_traits<char>, std::allocator<char> >&, char) (in /usr/lib/x86_64-linux-gnu/libstdc++.so.6.0.25)
==19778==    by 0x108DD4: main (main.cpp:15)
==19778== 
==19778== HEAP SUMMARY:
==19778==     in use at exit: 0 bytes in 0 blocks
==19778==   total heap usage: 2 allocs, 2 frees, 73,728 bytes allocated
==19778== 
==19778== All heap blocks were freed -- no leaks are possible
==19778== 
==19778== For counts of detected and suppressed errors, rerun with: -v
==19778== ERROR SUMMARY: 0 errors from 0 contexts (suppressed: 0 from 0)
