==5457== Memcheck, a memory error detector
==5457== Copyright (C) 2002-2017, and GNU GPL'd, by Julian Seward et al.
==5457== Using Valgrind-3.13.0 and LibVEX; rerun with -h for copyright info
==5457== Command: /rhome/m/mkapo2/workspace/TP/T5/Z7/.runme
==5457== Parent PID: 5439
==5457== 
==5457== 
==5457== Process terminating with default action of signal 1 (SIGHUP)
==5457==    at 0x56EF081: read (read.c:27)
==5457==    by 0x566C147: _IO_file_underflow@@GLIBC_2.2.5 (fileops.c:531)
==5457==    by 0x566D3F1: _IO_default_uflow (genops.c:380)
==5457==    by 0x512B95C: __gnu_cxx::stdio_sync_filebuf<char, std::char_traits<char> >::underflow() (in /usr/lib/x86_64-linux-gnu/libstdc++.so.6.0.25)
==5457==    by 0x5139739: std::istream::sentry::sentry(std::istream&, bool) (in /usr/lib/x86_64-linux-gnu/libstdc++.so.6.0.25)
==5457==    by 0x513996D: std::istream::operator>>(int&) (in /usr/lib/x86_64-linux-gnu/libstdc++.so.6.0.25)
==5457==    by 0x1091DF: main (main.cpp:37)
==5457== 
==5457== HEAP SUMMARY:
==5457==     in use at exit: 576 bytes in 2 blocks
==5457==   total heap usage: 4 allocs, 2 frees, 74,304 bytes allocated
==5457== 
==5457== LEAK SUMMARY:
==5457==    definitely lost: 0 bytes in 0 blocks
==5457==    indirectly lost: 0 bytes in 0 blocks
==5457==      possibly lost: 0 bytes in 0 blocks
==5457==    still reachable: 576 bytes in 2 blocks
==5457==         suppressed: 0 bytes in 0 blocks
==5457== Reachable blocks (those to which a pointer was found) are not shown.
==5457== To see them, rerun with: --leak-check=full --show-leak-kinds=all
==5457== 
==5457== For counts of detected and suppressed errors, rerun with: -v
==5457== ERROR SUMMARY: 0 errors from 0 contexts (suppressed: 0 from 0)
