==10595== Memcheck, a memory error detector
==10595== Copyright (C) 2002-2017, and GNU GPL'd, by Julian Seward et al.
==10595== Using Valgrind-3.13.0 and LibVEX; rerun with -h for copyright info
==10595== Command: /rhome/m/mkapo2/workspace/TP/T7/Z4/.runme
==10595== Parent PID: 10573
==10595== 
==10595== 
==10595== Process terminating with default action of signal 1 (SIGHUP)
==10595==    at 0x56EF081: read (read.c:27)
==10595==    by 0x566C147: _IO_file_underflow@@GLIBC_2.2.5 (fileops.c:531)
==10595==    by 0x566D3F1: _IO_default_uflow (genops.c:380)
==10595==    by 0x512B95C: __gnu_cxx::stdio_sync_filebuf<char, std::char_traits<char> >::underflow() (in /usr/lib/x86_64-linux-gnu/libstdc++.so.6.0.25)
==10595==    by 0x5139739: std::istream::sentry::sentry(std::istream&, bool) (in /usr/lib/x86_64-linux-gnu/libstdc++.so.6.0.25)
==10595==    by 0x513996D: std::istream::operator>>(int&) (in /usr/lib/x86_64-linux-gnu/libstdc++.so.6.0.25)
==10595==    by 0x109691: main (main.cpp:21)
==10595== 
==10595== HEAP SUMMARY:
==10595==     in use at exit: 0 bytes in 0 blocks
==10595==   total heap usage: 2 allocs, 2 frees, 73,728 bytes allocated
==10595== 
==10595== All heap blocks were freed -- no leaks are possible
==10595== 
==10595== For counts of detected and suppressed errors, rerun with: -v
==10595== ERROR SUMMARY: 0 errors from 0 contexts (suppressed: 0 from 0)
