==21396== Memcheck, a memory error detector
==21396== Copyright (C) 2002-2017, and GNU GPL'd, by Julian Seward et al.
==21396== Using Valgrind-3.13.0 and LibVEX; rerun with -h for copyright info
==21396== Command: /rhome/m/mkapo2/workspace/TP/Z1/Z3/.runme
==21396== Parent PID: 21322
==21396== 
==21396== 
==21396== Process terminating with default action of signal 1 (SIGHUP)
==21396==    at 0x56EF081: read (read.c:27)
==21396==    by 0x566C147: _IO_file_underflow@@GLIBC_2.2.5 (fileops.c:531)
==21396==    by 0x566D3F1: _IO_default_uflow (genops.c:380)
==21396==    by 0x512B95C: __gnu_cxx::stdio_sync_filebuf<char, std::char_traits<char> >::underflow() (in /usr/lib/x86_64-linux-gnu/libstdc++.so.6.0.25)
==21396==    by 0x5139739: std::istream::sentry::sentry(std::istream&, bool) (in /usr/lib/x86_64-linux-gnu/libstdc++.so.6.0.25)
==21396==    by 0x513996D: std::istream::operator>>(int&) (in /usr/lib/x86_64-linux-gnu/libstdc++.so.6.0.25)
==21396==    by 0x10A0E5: main (main.cpp:149)
==21396== 
==21396== HEAP SUMMARY:
==21396==     in use at exit: 0 bytes in 0 blocks
==21396==   total heap usage: 2 allocs, 2 frees, 73,728 bytes allocated
==21396== 
==21396== All heap blocks were freed -- no leaks are possible
==21396== 
==21396== For counts of detected and suppressed errors, rerun with: -v
==21396== ERROR SUMMARY: 0 errors from 0 contexts (suppressed: 0 from 0)
