==31253== Memcheck, a memory error detector
==31253== Copyright (C) 2002-2017, and GNU GPL'd, by Julian Seward et al.
==31253== Using Valgrind-3.13.0 and LibVEX; rerun with -h for copyright info
==31253== Command: /rhome/m/mkapo2/workspace/TP/Z3/Z2/.runme
==31253== Parent PID: 31223
==31253== 
==31253== 
==31253== Process terminating with default action of signal 1 (SIGHUP)
==31253==    at 0x56EF081: read (read.c:27)
==31253==    by 0x566C147: _IO_file_underflow@@GLIBC_2.2.5 (fileops.c:531)
==31253==    by 0x566D3F1: _IO_default_uflow (genops.c:380)
==31253==    by 0x512B95C: __gnu_cxx::stdio_sync_filebuf<char, std::char_traits<char> >::underflow() (in /usr/lib/x86_64-linux-gnu/libstdc++.so.6.0.25)
==31253==    by 0x50E9F48: std::basic_istream<char, std::char_traits<char> >& std::getline<char, std::char_traits<char>, std::allocator<char> >(std::basic_istream<char, std::char_traits<char> >&, std::__cxx11::basic_string<char, std::char_traits<char>, std::allocator<char> >&, char) (in /usr/lib/x86_64-linux-gnu/libstdc++.so.6.0.25)
==31253==    by 0x10A801: main (main.cpp:87)
==31253== 
==31253== HEAP SUMMARY:
==31253==     in use at exit: 0 bytes in 0 blocks
==31253==   total heap usage: 2 allocs, 2 frees, 73,728 bytes allocated
==31253== 
==31253== All heap blocks were freed -- no leaks are possible
==31253== 
==31253== For counts of detected and suppressed errors, rerun with: -v
==31253== ERROR SUMMARY: 0 errors from 0 contexts (suppressed: 0 from 0)
