==2281== Memcheck, a memory error detector
==2281== Copyright (C) 2002-2017, and GNU GPL'd, by Julian Seward et al.
==2281== Using Valgrind-3.13.0 and LibVEX; rerun with -h for copyright info
==2281== Command: /rhome/m/mkapo2/workspace/TP/T8/Z2/.runme
==2281== Parent PID: 2250
==2281== 
==2281== 
==2281== Process terminating with default action of signal 1 (SIGHUP)
==2281==    at 0x56EF081: read (read.c:27)
==2281==    by 0x566C147: _IO_file_underflow@@GLIBC_2.2.5 (fileops.c:531)
==2281==    by 0x566D3F1: _IO_default_uflow (genops.c:380)
==2281==    by 0x512B95C: __gnu_cxx::stdio_sync_filebuf<char, std::char_traits<char> >::underflow() (in /usr/lib/x86_64-linux-gnu/libstdc++.so.6.0.25)
==2281==    by 0x5139739: std::istream::sentry::sentry(std::istream&, bool) (in /usr/lib/x86_64-linux-gnu/libstdc++.so.6.0.25)
==2281==    by 0x513996D: std::istream::operator>>(int&) (in /usr/lib/x86_64-linux-gnu/libstdc++.so.6.0.25)
==2281==    by 0x1094C8: main (main.cpp:28)
==2281== 
==2281== HEAP SUMMARY:
==2281==     in use at exit: 0 bytes in 0 blocks
==2281==   total heap usage: 2 allocs, 2 frees, 73,728 bytes allocated
==2281== 
==2281== All heap blocks were freed -- no leaks are possible
==2281== 
==2281== For counts of detected and suppressed errors, rerun with: -v
==2281== ERROR SUMMARY: 0 errors from 0 contexts (suppressed: 0 from 0)
