==23398== Memcheck, a memory error detector
==23398== Copyright (C) 2002-2017, and GNU GPL'd, by Julian Seward et al.
==23398== Using Valgrind-3.13.0 and LibVEX; rerun with -h for copyright info
==23398== Command: /rhome/m/mkapo2/workspace/TP/T13/Z1/.runme
==23398== Parent PID: 23380
==23398== 
==23398== 
==23398== Process terminating with default action of signal 1 (SIGHUP)
==23398==    at 0x400B0F8: dl_new_hash (dl-lookup.c:556)
==23398==    by 0x400B0F8: _dl_lookup_symbol_x (dl-lookup.c:791)
==23398==    by 0x400CAF8: elf_machine_rela (dl-machine.h:308)
==23398==    by 0x400CAF8: elf_dynamic_do_Rela (do-rel.h:137)
==23398==    by 0x400CAF8: _dl_relocate_object (dl-reloc.c:258)
==23398==    by 0x4004306: dl_main (rtld.c:2190)
==23398==    by 0x401ADCF: _dl_sysdep_start (dl-sysdep.c:253)
==23398==    by 0x4002127: _dl_start_final (rtld.c:414)
==23398==    by 0x4002127: _dl_start (rtld.c:521)
==23398==    by 0x4001097: ??? (in /lib/x86_64-linux-gnu/ld-2.27.so)
==23398== Jump to the invalid address stated on the next line
==23398==    at 0x556: ???
==23398==    by 0x509B336: ??? (in /usr/lib/x86_64-linux-gnu/libstdc++.so.6.0.25)
==23398==    by 0x400E617: _dl_map_object_deps (dl-deps.c:249)
==23398==    by 0x1FFF00052F: ???
==23398==    by 0x1FFF00053F: ???
==23398==    by 0x4027DE7: ???
==23398==  Address 0x556 is not stack'd, malloc'd or (recently) free'd
==23398== 
==23398== 
==23398== Process terminating with default action of signal 11 (SIGSEGV): dumping core
==23398==  Bad permissions for mapped region at address 0x556
==23398==    at 0x556: ???
==23398==    by 0x509B336: ??? (in /usr/lib/x86_64-linux-gnu/libstdc++.so.6.0.25)
==23398==    by 0x400E617: _dl_map_object_deps (dl-deps.c:249)
==23398==    by 0x1FFF00052F: ???
==23398==    by 0x1FFF00053F: ???
==23398==    by 0x4027DE7: ???
==23398== 
==23398== HEAP SUMMARY:
==23398==     in use at exit: 0 bytes in 0 blocks
==23398==   total heap usage: 0 allocs, 0 frees, 0 bytes allocated
==23398== 
==23398== All heap blocks were freed -- no leaks are possible
==23398== 
==23398== For counts of detected and suppressed errors, rerun with: -v
==23398== ERROR SUMMARY: 1 errors from 1 contexts (suppressed: 0 from 0)
