==8937== Memcheck, a memory error detector
==8937== Copyright (C) 2002-2017, and GNU GPL'd, by Julian Seward et al.
==8937== Using Valgrind-3.13.0 and LibVEX; rerun with -h for copyright info
==8937== Command: /rhome/m/mkapo2/workspace/TP/T2/Z5/.runme
==8937== Parent PID: 8911
==8937== 
==8937== 
==8937== Process terminating with default action of signal 1 (SIGHUP)
==8937==    at 0x5A8D081: read (read.c:27)
==8937==    by 0x5A0A147: _IO_file_underflow@@GLIBC_2.2.5 (fileops.c:531)
==8937==    by 0x5A0B3F1: _IO_default_uflow (genops.c:380)
==8937==    by 0x512B95C: __gnu_cxx::stdio_sync_filebuf<char, std::char_traits<char> >::underflow() (in /usr/lib/x86_64-linux-gnu/libstdc++.so.6.0.25)
==8937==    by 0x5139739: std::istream::sentry::sentry(std::istream&, bool) (in /usr/lib/x86_64-linux-gnu/libstdc++.so.6.0.25)
==8937==    by 0x513996D: std::istream::operator>>(int&) (in /usr/lib/x86_64-linux-gnu/libstdc++.so.6.0.25)
==8937==    by 0x108D02: main (main.cpp:11)
==8937== 
==8937== HEAP SUMMARY:
==8937==     in use at exit: 0 bytes in 0 blocks
==8937==   total heap usage: 2 allocs, 2 frees, 73,728 bytes allocated
==8937== 
==8937== All heap blocks were freed -- no leaks are possible
==8937== 
==8937== For counts of detected and suppressed errors, rerun with: -v
==8937== ERROR SUMMARY: 0 errors from 0 contexts (suppressed: 0 from 0)
