==29386== Memcheck, a memory error detector
==29386== Copyright (C) 2002-2017, and GNU GPL'd, by Julian Seward et al.
==29386== Using Valgrind-3.13.0 and LibVEX; rerun with -h for copyright info
==29386== Command: /rhome/m/mkapo2/workspace/TP2018/Z4/Z2/.runme
==29386== Parent PID: 29379
==29386== 
==29386== Invalid free() / delete / delete[] / realloc()
==29386==    at 0x4C3123B: operator delete(void*) (in /usr/lib/valgrind/vgpreload_memcheck-amd64-linux.so)
==29386==    by 0x109B97: node::~node() (main.cpp:12)
==29386==    by 0x109A2A: main (main.cpp:112)
==29386==  Address 0x3d4ccccd3d4ccccd is not stack'd, malloc'd or (recently) free'd
==29386== 
==29386== 
==29386== HEAP SUMMARY:
==29386==     in use at exit: 0 bytes in 0 blocks
==29386==   total heap usage: 18 allocs, 19 frees, 74,640 bytes allocated
==29386== 
==29386== All heap blocks were freed -- no leaks are possible
==29386== 
==29386== For counts of detected and suppressed errors, rerun with: -v
==29386== ERROR SUMMARY: 1 errors from 1 contexts (suppressed: 0 from 0)
