==17938== Memcheck, a memory error detector
==17938== Copyright (C) 2002-2017, and GNU GPL'd, by Julian Seward et al.
==17938== Using Valgrind-3.13.0 and LibVEX; rerun with -h for copyright info
==17938== Command: /rhome/m/mkapo2/workspace/TP/Z1/Z2/.runme
==17938== Parent PID: 17929
==17938== 
==17938== 
==17938== Process terminating with default action of signal 1 (SIGHUP)
==17938==    at 0x56EF081: read (read.c:27)
==17938==    by 0x566C147: _IO_file_underflow@@GLIBC_2.2.5 (fileops.c:531)
==17938==    by 0x566D3F1: _IO_default_uflow (genops.c:380)
==17938==    by 0x512B95C: __gnu_cxx::stdio_sync_filebuf<char, std::char_traits<char> >::underflow() (in /usr/lib/x86_64-linux-gnu/libstdc++.so.6.0.25)
==17938==    by 0x5139739: std::istream::sentry::sentry(std::istream&, bool) (in /usr/lib/x86_64-linux-gnu/libstdc++.so.6.0.25)
==17938==    by 0x513996D: std::istream::operator>>(int&) (in /usr/lib/x86_64-linux-gnu/libstdc++.so.6.0.25)
==17938==    by 0x1115C0: main (main.cpp:540)
==17938== 
==17938== HEAP SUMMARY:
==17938==     in use at exit: 0 bytes in 0 blocks
==17938==   total heap usage: 2 allocs, 2 frees, 73,728 bytes allocated
==17938== 
==17938== All heap blocks were freed -- no leaks are possible
==17938== 
==17938== For counts of detected and suppressed errors, rerun with: -v
==17938== ERROR SUMMARY: 0 errors from 0 contexts (suppressed: 0 from 0)
