==8854== Memcheck, a memory error detector
==8854== Copyright (C) 2002-2017, and GNU GPL'd, by Julian Seward et al.
==8854== Using Valgrind-3.13.0 and LibVEX; rerun with -h for copyright info
==8854== Command: /rhome/m/mkapo2/workspace/TP/T2/Z4/.runme
==8854== Parent PID: 8833
==8854== 
==8854== 
==8854== Process terminating with default action of signal 1 (SIGHUP)
==8854==    at 0x56EF081: read (read.c:27)
==8854==    by 0x566C147: _IO_file_underflow@@GLIBC_2.2.5 (fileops.c:531)
==8854==    by 0x566D3F1: _IO_default_uflow (genops.c:380)
==8854==    by 0x512B95C: __gnu_cxx::stdio_sync_filebuf<char, std::char_traits<char> >::underflow() (in /usr/lib/x86_64-linux-gnu/libstdc++.so.6.0.25)
==8854==    by 0x5139739: std::istream::sentry::sentry(std::istream&, bool) (in /usr/lib/x86_64-linux-gnu/libstdc++.so.6.0.25)
==8854==    by 0x513996D: std::istream::operator>>(int&) (in /usr/lib/x86_64-linux-gnu/libstdc++.so.6.0.25)
==8854==    by 0x108B6F: main (main.cpp:14)
==8854== 
==8854== HEAP SUMMARY:
==8854==     in use at exit: 0 bytes in 0 blocks
==8854==   total heap usage: 2 allocs, 2 frees, 73,728 bytes allocated
==8854== 
==8854== All heap blocks were freed -- no leaks are possible
==8854== 
==8854== For counts of detected and suppressed errors, rerun with: -v
==8854== ERROR SUMMARY: 0 errors from 0 contexts (suppressed: 0 from 0)
