==10809== Memcheck, a memory error detector
==10809== Copyright (C) 2002-2017, and GNU GPL'd, by Julian Seward et al.
==10809== Using Valgrind-3.13.0 and LibVEX; rerun with -h for copyright info
==10809== Command: /rhome/m/mkapo2/workspace/TP/T7/Z2/.runme
==10809== Parent PID: 10787
==10809== 
==10809== 
==10809== Process terminating with default action of signal 1 (SIGHUP)
==10809==    at 0x56EF081: read (read.c:27)
==10809==    by 0x566C147: _IO_file_underflow@@GLIBC_2.2.5 (fileops.c:531)
==10809==    by 0x566D3F1: _IO_default_uflow (genops.c:380)
==10809==    by 0x512B95C: __gnu_cxx::stdio_sync_filebuf<char, std::char_traits<char> >::underflow() (in /usr/lib/x86_64-linux-gnu/libstdc++.so.6.0.25)
==10809==    by 0x5139739: std::istream::sentry::sentry(std::istream&, bool) (in /usr/lib/x86_64-linux-gnu/libstdc++.so.6.0.25)
==10809==    by 0x513996D: std::istream::operator>>(int&) (in /usr/lib/x86_64-linux-gnu/libstdc++.so.6.0.25)
==10809==    by 0x108FE7: main (main.cpp:19)
==10809== 
==10809== HEAP SUMMARY:
==10809==     in use at exit: 0 bytes in 0 blocks
==10809==   total heap usage: 2 allocs, 2 frees, 73,728 bytes allocated
==10809== 
==10809== All heap blocks were freed -- no leaks are possible
==10809== 
==10809== For counts of detected and suppressed errors, rerun with: -v
==10809== ERROR SUMMARY: 0 errors from 0 contexts (suppressed: 0 from 0)
