==28235== Memcheck, a memory error detector
==28235== Copyright (C) 2002-2017, and GNU GPL'd, by Julian Seward et al.
==28235== Using Valgrind-3.13.0 and LibVEX; rerun with -h for copyright info
==28235== Command: /rhome/m/mkapo2/workspace/TP/T6/Z6/.runme
==28235== Parent PID: 28199
==28235== 
==28235== 
==28235== Process terminating with default action of signal 1 (SIGHUP)
==28235==    at 0x56EF081: read (read.c:27)
==28235==    by 0x566C147: _IO_file_underflow@@GLIBC_2.2.5 (fileops.c:531)
==28235==    by 0x566D3F1: _IO_default_uflow (genops.c:380)
==28235==    by 0x512B95C: __gnu_cxx::stdio_sync_filebuf<char, std::char_traits<char> >::underflow() (in /usr/lib/x86_64-linux-gnu/libstdc++.so.6.0.25)
==28235==    by 0x5139739: std::istream::sentry::sentry(std::istream&, bool) (in /usr/lib/x86_64-linux-gnu/libstdc++.so.6.0.25)
==28235==    by 0x513996D: std::istream::operator>>(int&) (in /usr/lib/x86_64-linux-gnu/libstdc++.so.6.0.25)
==28235==    by 0x10906E: main (main.cpp:48)
==28235== 
==28235== HEAP SUMMARY:
==28235==     in use at exit: 0 bytes in 0 blocks
==28235==   total heap usage: 2 allocs, 2 frees, 73,728 bytes allocated
==28235== 
==28235== All heap blocks were freed -- no leaks are possible
==28235== 
==28235== For counts of detected and suppressed errors, rerun with: -v
==28235== ERROR SUMMARY: 0 errors from 0 contexts (suppressed: 0 from 0)
