==7425== Memcheck, a memory error detector
==7425== Copyright (C) 2002-2017, and GNU GPL'd, by Julian Seward et al.
==7425== Using Valgrind-3.13.0 and LibVEX; rerun with -h for copyright info
==7425== Command: /rhome/m/mkapo2/workspace/TP/T11/Z5/.runme
==7425== Parent PID: 7382
==7425== 
==7425== Invalid read of size 1
==7425==    at 0x4C33DA3: strcmp (in /usr/lib/valgrind/vgpreload_memcheck-amd64-linux.so)
==7425==    by 0x109E74: Liga::RegistrirajUtakmicu(char const*, char const*, int, int) (main.cpp:110)
==7425==    by 0x10A45E: main (main.cpp:157)
==7425==  Address 0x0 is not stack'd, malloc'd or (recently) free'd
==7425== 
==7425== 
==7425== Process terminating with default action of signal 11 (SIGSEGV): dumping core
==7425==  Access not within mapped region at address 0x0
==7425==    at 0x4C33DA3: strcmp (in /usr/lib/valgrind/vgpreload_memcheck-amd64-linux.so)
==7425==    by 0x109E74: Liga::RegistrirajUtakmicu(char const*, char const*, int, int) (main.cpp:110)
==7425==    by 0x10A45E: main (main.cpp:157)
==7425==  If you believe this happened as a result of a stack
==7425==  overflow in your program's main thread (unlikely but
==7425==  possible), you can try to increase the size of the
==7425==  main thread stack using the --main-stacksize= flag.
==7425==  The main thread stack size used in this run was 8388608.
==7425== 
==7425== HEAP SUMMARY:
==7425==     in use at exit: 208 bytes in 3 blocks
==7425==   total heap usage: 5 allocs, 2 frees, 72,944 bytes allocated
==7425== 
==7425== LEAK SUMMARY:
==7425==    definitely lost: 0 bytes in 0 blocks
==7425==    indirectly lost: 0 bytes in 0 blocks
==7425==      possibly lost: 0 bytes in 0 blocks
==7425==    still reachable: 208 bytes in 3 blocks
==7425==         suppressed: 0 bytes in 0 blocks
==7425== Reachable blocks (those to which a pointer was found) are not shown.
==7425== To see them, rerun with: --leak-check=full --show-leak-kinds=all
==7425== 
==7425== For counts of detected and suppressed errors, rerun with: -v
==7425== ERROR SUMMARY: 1 errors from 1 contexts (suppressed: 0 from 0)
