==3424== Memcheck, a memory error detector
==3424== Copyright (C) 2002-2017, and GNU GPL'd, by Julian Seward et al.
==3424== Using Valgrind-3.13.0 and LibVEX; rerun with -h for copyright info
==3424== Command: /rhome/m/mkapo2/workspace/TP/T8/Z6/.runme
==3424== Parent PID: 3402
==3424== 
==3424== 
==3424== Process terminating with default action of signal 1 (SIGHUP)
==3424==    at 0x54D7081: read (read.c:27)
==3424==    by 0x5454147: _IO_file_underflow@@GLIBC_2.2.5 (fileops.c:531)
==3424==    by 0x54553F1: _IO_default_uflow (genops.c:380)
==3424==    by 0x512B95C: __gnu_cxx::stdio_sync_filebuf<char, std::char_traits<char> >::underflow() (in /usr/lib/x86_64-linux-gnu/libstdc++.so.6.0.25)
==3424==    by 0x5139739: std::istream::sentry::sentry(std::istream&, bool) (in /usr/lib/x86_64-linux-gnu/libstdc++.so.6.0.25)
==3424==    by 0x513BCCD: std::istream& std::istream::_M_extract<double>(double&) (in /usr/lib/x86_64-linux-gnu/libstdc++.so.6.0.25)
==3424==    by 0x108BEF: Cvor<double>* KreirajPovezanuListu<double>(double) (main.cpp:14)
==3424==    by 0x108AAE: main (main.cpp:64)
==3424== 
==3424== HEAP SUMMARY:
==3424==     in use at exit: 0 bytes in 0 blocks
==3424==   total heap usage: 2 allocs, 2 frees, 73,728 bytes allocated
==3424== 
==3424== All heap blocks were freed -- no leaks are possible
==3424== 
==3424== For counts of detected and suppressed errors, rerun with: -v
==3424== ERROR SUMMARY: 0 errors from 0 contexts (suppressed: 0 from 0)
