==6465== Memcheck, a memory error detector
==6465== Copyright (C) 2002-2017, and GNU GPL'd, by Julian Seward et al.
==6465== Using Valgrind-3.13.0 and LibVEX; rerun with -h for copyright info
==6465== Command: /rhome/m/mkapo2/workspace/TP/T3/Z4/.runme
==6465== Parent PID: 6438
==6465== 
==6465== 
==6465== Process terminating with default action of signal 1 (SIGHUP)
==6465==    at 0x56EF081: read (read.c:27)
==6465==    by 0x566C147: _IO_file_underflow@@GLIBC_2.2.5 (fileops.c:531)
==6465==    by 0x566D3F1: _IO_default_uflow (genops.c:380)
==6465==    by 0x512B95C: __gnu_cxx::stdio_sync_filebuf<char, std::char_traits<char> >::underflow() (in /usr/lib/x86_64-linux-gnu/libstdc++.so.6.0.25)
==6465==    by 0x5139739: std::istream::sentry::sentry(std::istream&, bool) (in /usr/lib/x86_64-linux-gnu/libstdc++.so.6.0.25)
==6465==    by 0x513996D: std::istream::operator>>(int&) (in /usr/lib/x86_64-linux-gnu/libstdc++.so.6.0.25)
==6465==    by 0x108FA2: main (main.cpp:31)
==6465== 
==6465== HEAP SUMMARY:
==6465==     in use at exit: 0 bytes in 0 blocks
==6465==   total heap usage: 2 allocs, 2 frees, 73,728 bytes allocated
==6465== 
==6465== All heap blocks were freed -- no leaks are possible
==6465== 
==6465== For counts of detected and suppressed errors, rerun with: -v
==6465== ERROR SUMMARY: 0 errors from 0 contexts (suppressed: 0 from 0)
