[New LWP 30723]
Core was generated by `'.
Program terminated with signal SIGXCPU, CPU time limit exceeded.
#0  0x0000000000109bc5 in ?? ()
#0  0x0000000000109bc5 in ?? ()
#1  0x0000001fff000830 in ?? ()
#2  0x0000001fff000778 in ?? ()
#3  0x0000000005d80370 in ?? ()
#4  0x0000000005d803e0 in ?? ()
#5  0x0000000000000002 in ?? ()
#6  0x0000000000000002 in ?? ()
#7  0x0000001fff000870 in ?? ()
#8  0x0000000000109f94 in ?? ()
#9  0x0000001fff000760 in ?? ()
#10 0x000000010010dde1 in ?? ()
#11 0x0000001fff0008e0 in ?? ()
#12 0x0000001fff0008c0 in ?? ()
#13 0x0000000005d80200 in ?? ()
#14 0x0000000100000001 in ?? ()
#15 0x0000000000000003 in ?? ()
#16 0x0000000200000000 in ?? ()
#17 0x0000000000000003 in ?? ()
#18 0x0000000005d80300 in ?? ()
#19 0x0000000005d80200 in ?? ()
#20 0x0000000005d80200 in ?? ()
#21 0x0000000000000003 in ?? ()
#22 0x0000000000000000 in ?? ()
