==2826== Memcheck, a memory error detector
==2826== Copyright (C) 2002-2017, and GNU GPL'd, by Julian Seward et al.
==2826== Using Valgrind-3.13.0 and LibVEX; rerun with -h for copyright info
==2826== Command: /rhome/m/mkapo2/workspace/TP/Z3/Z5/.runme
==2826== Parent PID: 2815
==2826== 
==2826== Invalid read of size 8
==2826==    at 0x10A312: Razvrstavanje(std::vector<std::__cxx11::basic_string<char, std::char_traits<char>, std::allocator<char> >, std::allocator<std::__cxx11::basic_string<char, std::char_traits<char>, std::allocator<char> > > >, int) (main.cpp:138)
==2826==    by 0x10A593: main (main.cpp:163)
==2826==  Address 0x5d80400 is 32 bytes inside a block of size 40 free'd
==2826==    at 0x4C3123B: operator delete(void*) (in /usr/lib/valgrind/vgpreload_memcheck-amd64-linux.so)
==2826==    by 0x109C92: Ocisti(Dijete*, std::__cxx11::basic_string<char, std::char_traits<char>, std::allocator<char> >) (main.cpp:55)
==2826==    by 0x10A095: Razvrstavanje(std::vector<std::__cxx11::basic_string<char, std::char_traits<char>, std::allocator<char> >, std::allocator<std::__cxx11::basic_string<char, std::char_traits<char>, std::allocator<char> > > >, int) (main.cpp:110)
==2826==    by 0x10A593: main (main.cpp:163)
==2826==  Block was alloc'd at
==2826==    at 0x4C3017F: operator new(unsigned long) (in /usr/lib/valgrind/vgpreload_memcheck-amd64-linux.so)
==2826==    by 0x109B44: Napravi(Dijete**, std::__cxx11::basic_string<char, std::char_traits<char>, std::allocator<char> >) (main.cpp:31)
==2826==    by 0x109F93: Razvrstavanje(std::vector<std::__cxx11::basic_string<char, std::char_traits<char>, std::allocator<char> >, std::allocator<std::__cxx11::basic_string<char, std::char_traits<char>, std::allocator<char> > > >, int) (main.cpp:97)
==2826==    by 0x10A593: main (main.cpp:163)
==2826== 
==2826== Invalid read of size 8
==2826==    at 0x51652B7: std::__cxx11::basic_string<char, std::char_traits<char>, std::allocator<char> >::basic_string(std::__cxx11::basic_string<char, std::char_traits<char>, std::allocator<char> > const&) (in /usr/lib/x86_64-linux-gnu/libstdc++.so.6.0.25)
==2826==    by 0x10A175: Razvrstavanje(std::vector<std::__cxx11::basic_string<char, std::char_traits<char>, std::allocator<char> >, std::allocator<std::__cxx11::basic_string<char, std::char_traits<char>, std::allocator<char> > > >, int) (main.cpp:121)
==2826==    by 0x10A593: main (main.cpp:163)
==2826==  Address 0x5d803e0 is 0 bytes inside a block of size 40 free'd
==2826==    at 0x4C3123B: operator delete(void*) (in /usr/lib/valgrind/vgpreload_memcheck-amd64-linux.so)
==2826==    by 0x109C92: Ocisti(Dijete*, std::__cxx11::basic_string<char, std::char_traits<char>, std::allocator<char> >) (main.cpp:55)
==2826==    by 0x10A095: Razvrstavanje(std::vector<std::__cxx11::basic_string<char, std::char_traits<char>, std::allocator<char> >, std::allocator<std::__cxx11::basic_string<char, std::char_traits<char>, std::allocator<char> > > >, int) (main.cpp:110)
==2826==    by 0x10A593: main (main.cpp:163)
==2826==  Block was alloc'd at
==2826==    at 0x4C3017F: operator new(unsigned long) (in /usr/lib/valgrind/vgpreload_memcheck-amd64-linux.so)
==2826==    by 0x109B44: Napravi(Dijete**, std::__cxx11::basic_string<char, std::char_traits<char>, std::allocator<char> >) (main.cpp:31)
==2826==    by 0x109F93: Razvrstavanje(std::vector<std::__cxx11::basic_string<char, std::char_traits<char>, std::allocator<char> >, std::allocator<std::__cxx11::basic_string<char, std::char_traits<char>, std::allocator<char> > > >, int) (main.cpp:97)
==2826==    by 0x10A593: main (main.cpp:163)
==2826== 
==2826== Invalid read of size 8
==2826==    at 0x51652BA: std::__cxx11::basic_string<char, std::char_traits<char>, std::allocator<char> >::basic_string(std::__cxx11::basic_string<char, std::char_traits<char>, std::allocator<char> > const&) (in /usr/lib/x86_64-linux-gnu/libstdc++.so.6.0.25)
==2826==    by 0x10A175: Razvrstavanje(std::vector<std::__cxx11::basic_string<char, std::char_traits<char>, std::allocator<char> >, std::allocator<std::__cxx11::basic_string<char, std::char_traits<char>, std::allocator<char> > > >, int) (main.cpp:121)
==2826==    by 0x10A593: main (main.cpp:163)
==2826==  Address 0x5d803e8 is 8 bytes inside a block of size 40 free'd
==2826==    at 0x4C3123B: operator delete(void*) (in /usr/lib/valgrind/vgpreload_memcheck-amd64-linux.so)
==2826==    by 0x109C92: Ocisti(Dijete*, std::__cxx11::basic_string<char, std::char_traits<char>, std::allocator<char> >) (main.cpp:55)
==2826==    by 0x10A095: Razvrstavanje(std::vector<std::__cxx11::basic_string<char, std::char_traits<char>, std::allocator<char> >, std::allocator<std::__cxx11::basic_string<char, std::char_traits<char>, std::allocator<char> > > >, int) (main.cpp:110)
==2826==    by 0x10A593: main (main.cpp:163)
==2826==  Block was alloc'd at
==2826==    at 0x4C3017F: operator new(unsigned long) (in /usr/lib/valgrind/vgpreload_memcheck-amd64-linux.so)
==2826==    by 0x109B44: Napravi(Dijete**, std::__cxx11::basic_string<char, std::char_traits<char>, std::allocator<char> >) (main.cpp:31)
==2826==    by 0x109F93: Razvrstavanje(std::vector<std::__cxx11::basic_string<char, std::char_traits<char>, std::allocator<char> >, std::allocator<std::__cxx11::basic_string<char, std::char_traits<char>, std::allocator<char> > > >, int) (main.cpp:97)
==2826==    by 0x10A593: main (main.cpp:163)
==2826== 
==2826== Invalid read of size 2
==2826==    at 0x4C340D0: memcpy@GLIBC_2.2.5 (in /usr/lib/valgrind/vgpreload_memcheck-amd64-linux.so)
==2826==    by 0x5165286: void std::__cxx11::basic_string<char, std::char_traits<char>, std::allocator<char> >::_M_construct<char*>(char*, char*, std::forward_iterator_tag) (in /usr/lib/x86_64-linux-gnu/libstdc++.so.6.0.25)
==2826==    by 0x10A175: Razvrstavanje(std::vector<std::__cxx11::basic_string<char, std::char_traits<char>, std::allocator<char> >, std::allocator<std::__cxx11::basic_string<char, std::char_traits<char>, std::allocator<char> > > >, int) (main.cpp:121)
==2826==    by 0x10A593: main (main.cpp:163)
==2826==  Address 0x5d803f0 is 16 bytes inside a block of size 40 free'd
==2826==    at 0x4C3123B: operator delete(void*) (in /usr/lib/valgrind/vgpreload_memcheck-amd64-linux.so)
==2826==    by 0x109C92: Ocisti(Dijete*, std::__cxx11::basic_string<char, std::char_traits<char>, std::allocator<char> >) (main.cpp:55)
==2826==    by 0x10A095: Razvrstavanje(std::vector<std::__cxx11::basic_string<char, std::char_traits<char>, std::allocator<char> >, std::allocator<std::__cxx11::basic_string<char, std::char_traits<char>, std::allocator<char> > > >, int) (main.cpp:110)
==2826==    by 0x10A593: main (main.cpp:163)
==2826==  Block was alloc'd at
==2826==    at 0x4C3017F: operator new(unsigned long) (in /usr/lib/valgrind/vgpreload_memcheck-amd64-linux.so)
==2826==    by 0x109B44: Napravi(Dijete**, std::__cxx11::basic_string<char, std::char_traits<char>, std::allocator<char> >) (main.cpp:31)
==2826==    by 0x109F93: Razvrstavanje(std::vector<std::__cxx11::basic_string<char, std::char_traits<char>, std::allocator<char> >, std::allocator<std::__cxx11::basic_string<char, std::char_traits<char>, std::allocator<char> > > >, int) (main.cpp:97)
==2826==    by 0x10A593: main (main.cpp:163)
==2826== 
==2826== Invalid read of size 8
==2826==    at 0x51630F0: std::__cxx11::basic_string<char, std::char_traits<char>, std::allocator<char> >::size() const (in /usr/lib/x86_64-linux-gnu/libstdc++.so.6.0.25)
==2826==    by 0x10B36E: __gnu_cxx::__enable_if<std::__is_char<char>::__value, bool>::__type std::operator==<char>(std::__cxx11::basic_string<char, std::char_traits<char>, std::allocator<char> > const&, std::__cxx11::basic_string<char, std::char_traits<char>, std::allocator<char> > const&) (basic_string.h:6010)
==2826==    by 0x10AC0D: bool std::operator!=<char, std::char_traits<char>, std::allocator<char> >(std::__cxx11::basic_string<char, std::char_traits<char>, std::allocator<char> > const&, std::__cxx11::basic_string<char, std::char_traits<char>, std::allocator<char> > const&) (basic_string.h:6050)
==2826==    by 0x109C36: Ocisti(Dijete*, std::__cxx11::basic_string<char, std::char_traits<char>, std::allocator<char> >) (main.cpp:48)
==2826==    by 0x10A1E5: Razvrstavanje(std::vector<std::__cxx11::basic_string<char, std::char_traits<char>, std::allocator<char> >, std::allocator<std::__cxx11::basic_string<char, std::char_traits<char>, std::allocator<char> > > >, int) (main.cpp:124)
==2826==    by 0x10A593: main (main.cpp:163)
==2826==  Address 0x5d803e8 is 8 bytes inside a block of size 40 free'd
==2826==    at 0x4C3123B: operator delete(void*) (in /usr/lib/valgrind/vgpreload_memcheck-amd64-linux.so)
==2826==    by 0x109C92: Ocisti(Dijete*, std::__cxx11::basic_string<char, std::char_traits<char>, std::allocator<char> >) (main.cpp:55)
==2826==    by 0x10A095: Razvrstavanje(std::vector<std::__cxx11::basic_string<char, std::char_traits<char>, std::allocator<char> >, std::allocator<std::__cxx11::basic_string<char, std::char_traits<char>, std::allocator<char> > > >, int) (main.cpp:110)
==2826==    by 0x10A593: main (main.cpp:163)
==2826==  Block was alloc'd at
==2826==    at 0x4C3017F: operator new(unsigned long) (in /usr/lib/valgrind/vgpreload_memcheck-amd64-linux.so)
==2826==    by 0x109B44: Napravi(Dijete**, std::__cxx11::basic_string<char, std::char_traits<char>, std::allocator<char> >) (main.cpp:31)
==2826==    by 0x109F93: Razvrstavanje(std::vector<std::__cxx11::basic_string<char, std::char_traits<char>, std::allocator<char> >, std::allocator<std::__cxx11::basic_string<char, std::char_traits<char>, std::allocator<char> > > >, int) (main.cpp:97)
==2826==    by 0x10A593: main (main.cpp:163)
==2826== 
==2826== Invalid read of size 8
==2826==    at 0x51630F0: std::__cxx11::basic_string<char, std::char_traits<char>, std::allocator<char> >::size() const (in /usr/lib/x86_64-linux-gnu/libstdc++.so.6.0.25)
==2826==    by 0x10B38E: __gnu_cxx::__enable_if<std::__is_char<char>::__value, bool>::__type std::operator==<char>(std::__cxx11::basic_string<char, std::char_traits<char>, std::allocator<char> > const&, std::__cxx11::basic_string<char, std::char_traits<char>, std::allocator<char> > const&) (basic_string.h:6011)
==2826==    by 0x10AC0D: bool std::operator!=<char, std::char_traits<char>, std::allocator<char> >(std::__cxx11::basic_string<char, std::char_traits<char>, std::allocator<char> > const&, std::__cxx11::basic_string<char, std::char_traits<char>, std::allocator<char> > const&) (basic_string.h:6050)
==2826==    by 0x109C36: Ocisti(Dijete*, std::__cxx11::basic_string<char, std::char_traits<char>, std::allocator<char> >) (main.cpp:48)
==2826==    by 0x10A1E5: Razvrstavanje(std::vector<std::__cxx11::basic_string<char, std::char_traits<char>, std::allocator<char> >, std::allocator<std::__cxx11::basic_string<char, std::char_traits<char>, std::allocator<char> > > >, int) (main.cpp:124)
==2826==    by 0x10A593: main (main.cpp:163)
==2826==  Address 0x5d803e8 is 8 bytes inside a block of size 40 free'd
==2826==    at 0x4C3123B: operator delete(void*) (in /usr/lib/valgrind/vgpreload_memcheck-amd64-linux.so)
==2826==    by 0x109C92: Ocisti(Dijete*, std::__cxx11::basic_string<char, std::char_traits<char>, std::allocator<char> >) (main.cpp:55)
==2826==    by 0x10A095: Razvrstavanje(std::vector<std::__cxx11::basic_string<char, std::char_traits<char>, std::allocator<char> >, std::allocator<std::__cxx11::basic_string<char, std::char_traits<char>, std::allocator<char> > > >, int) (main.cpp:110)
==2826==    by 0x10A593: main (main.cpp:163)
==2826==  Block was alloc'd at
==2826==    at 0x4C3017F: operator new(unsigned long) (in /usr/lib/valgrind/vgpreload_memcheck-amd64-linux.so)
==2826==    by 0x109B44: Napravi(Dijete**, std::__cxx11::basic_string<char, std::char_traits<char>, std::allocator<char> >) (main.cpp:31)
==2826==    by 0x109F93: Razvrstavanje(std::vector<std::__cxx11::basic_string<char, std::char_traits<char>, std::allocator<char> >, std::allocator<std::__cxx11::basic_string<char, std::char_traits<char>, std::allocator<char> > > >, int) (main.cpp:97)
==2826==    by 0x10A593: main (main.cpp:163)
==2826== 
==2826== Invalid read of size 8
==2826==    at 0x51645B0: std::__cxx11::basic_string<char, std::char_traits<char>, std::allocator<char> >::data() const (in /usr/lib/x86_64-linux-gnu/libstdc++.so.6.0.25)
==2826==    by 0x10B3AC: __gnu_cxx::__enable_if<std::__is_char<char>::__value, bool>::__type std::operator==<char>(std::__cxx11::basic_string<char, std::char_traits<char>, std::allocator<char> > const&, std::__cxx11::basic_string<char, std::char_traits<char>, std::allocator<char> > const&) (basic_string.h:6011)
==2826==    by 0x10AC0D: bool std::operator!=<char, std::char_traits<char>, std::allocator<char> >(std::__cxx11::basic_string<char, std::char_traits<char>, std::allocator<char> > const&, std::__cxx11::basic_string<char, std::char_traits<char>, std::allocator<char> > const&) (basic_string.h:6050)
==2826==    by 0x109C36: Ocisti(Dijete*, std::__cxx11::basic_string<char, std::char_traits<char>, std::allocator<char> >) (main.cpp:48)
==2826==    by 0x10A1E5: Razvrstavanje(std::vector<std::__cxx11::basic_string<char, std::char_traits<char>, std::allocator<char> >, std::allocator<std::__cxx11::basic_string<char, std::char_traits<char>, std::allocator<char> > > >, int) (main.cpp:124)
==2826==    by 0x10A593: main (main.cpp:163)
==2826==  Address 0x5d803e0 is 0 bytes inside a block of size 40 free'd
==2826==    at 0x4C3123B: operator delete(void*) (in /usr/lib/valgrind/vgpreload_memcheck-amd64-linux.so)
==2826==    by 0x109C92: Ocisti(Dijete*, std::__cxx11::basic_string<char, std::char_traits<char>, std::allocator<char> >) (main.cpp:55)
==2826==    by 0x10A095: Razvrstavanje(std::vector<std::__cxx11::basic_string<char, std::char_traits<char>, std::allocator<char> >, std::allocator<std::__cxx11::basic_string<char, std::char_traits<char>, std::allocator<char> > > >, int) (main.cpp:110)
==2826==    by 0x10A593: main (main.cpp:163)
==2826==  Block was alloc'd at
==2826==    at 0x4C3017F: operator new(unsigned long) (in /usr/lib/valgrind/vgpreload_memcheck-amd64-linux.so)
==2826==    by 0x109B44: Napravi(Dijete**, std::__cxx11::basic_string<char, std::char_traits<char>, std::allocator<char> >) (main.cpp:31)
==2826==    by 0x109F93: Razvrstavanje(std::vector<std::__cxx11::basic_string<char, std::char_traits<char>, std::allocator<char> >, std::allocator<std::__cxx11::basic_string<char, std::char_traits<char>, std::allocator<char> > > >, int) (main.cpp:97)
==2826==    by 0x10A593: main (main.cpp:163)
==2826== 
==2826== Invalid read of size 1
==2826==    at 0x4C35DB7: __memcmp_sse4_1 (in /usr/lib/valgrind/vgpreload_memcheck-amd64-linux.so)
==2826==    by 0x10A962: std::char_traits<char>::compare(char const*, char const*, unsigned long) (char_traits.h:310)
==2826==    by 0x10B3BA: __gnu_cxx::__enable_if<std::__is_char<char>::__value, bool>::__type std::operator==<char>(std::__cxx11::basic_string<char, std::char_traits<char>, std::allocator<char> > const&, std::__cxx11::basic_string<char, std::char_traits<char>, std::allocator<char> > const&) (basic_string.h:6011)
==2826==    by 0x10AC0D: bool std::operator!=<char, std::char_traits<char>, std::allocator<char> >(std::__cxx11::basic_string<char, std::char_traits<char>, std::allocator<char> > const&, std::__cxx11::basic_string<char, std::char_traits<char>, std::allocator<char> > const&) (basic_string.h:6050)
==2826==    by 0x109C36: Ocisti(Dijete*, std::__cxx11::basic_string<char, std::char_traits<char>, std::allocator<char> >) (main.cpp:48)
==2826==    by 0x10A1E5: Razvrstavanje(std::vector<std::__cxx11::basic_string<char, std::char_traits<char>, std::allocator<char> >, std::allocator<std::__cxx11::basic_string<char, std::char_traits<char>, std::allocator<char> > > >, int) (main.cpp:124)
==2826==    by 0x10A593: main (main.cpp:163)
==2826==  Address 0x5d803f0 is 16 bytes inside a block of size 40 free'd
==2826==    at 0x4C3123B: operator delete(void*) (in /usr/lib/valgrind/vgpreload_memcheck-amd64-linux.so)
==2826==    by 0x109C92: Ocisti(Dijete*, std::__cxx11::basic_string<char, std::char_traits<char>, std::allocator<char> >) (main.cpp:55)
==2826==    by 0x10A095: Razvrstavanje(std::vector<std::__cxx11::basic_string<char, std::char_traits<char>, std::allocator<char> >, std::allocator<std::__cxx11::basic_string<char, std::char_traits<char>, std::allocator<char> > > >, int) (main.cpp:110)
==2826==    by 0x10A593: main (main.cpp:163)
==2826==  Block was alloc'd at
==2826==    at 0x4C3017F: operator new(unsigned long) (in /usr/lib/valgrind/vgpreload_memcheck-amd64-linux.so)
==2826==    by 0x109B44: Napravi(Dijete**, std::__cxx11::basic_string<char, std::char_traits<char>, std::allocator<char> >) (main.cpp:31)
==2826==    by 0x109F93: Razvrstavanje(std::vector<std::__cxx11::basic_string<char, std::char_traits<char>, std::allocator<char> >, std::allocator<std::__cxx11::basic_string<char, std::char_traits<char>, std::allocator<char> > > >, int) (main.cpp:97)
==2826==    by 0x10A593: main (main.cpp:163)
==2826== 
==2826== Invalid read of size 1
==2826==    at 0x4C35DD0: __memcmp_sse4_1 (in /usr/lib/valgrind/vgpreload_memcheck-amd64-linux.so)
==2826==    by 0x10A962: std::char_traits<char>::compare(char const*, char const*, unsigned long) (char_traits.h:310)
==2826==    by 0x10B3BA: __gnu_cxx::__enable_if<std::__is_char<char>::__value, bool>::__type std::operator==<char>(std::__cxx11::basic_string<char, std::char_traits<char>, std::allocator<char> > const&, std::__cxx11::basic_string<char, std::char_traits<char>, std::allocator<char> > const&) (basic_string.h:6011)
==2826==    by 0x10AC0D: bool std::operator!=<char, std::char_traits<char>, std::allocator<char> >(std::__cxx11::basic_string<char, std::char_traits<char>, std::allocator<char> > const&, std::__cxx11::basic_string<char, std::char_traits<char>, std::allocator<char> > const&) (basic_string.h:6050)
==2826==    by 0x109C36: Ocisti(Dijete*, std::__cxx11::basic_string<char, std::char_traits<char>, std::allocator<char> >) (main.cpp:48)
==2826==    by 0x10A1E5: Razvrstavanje(std::vector<std::__cxx11::basic_string<char, std::char_traits<char>, std::allocator<char> >, std::allocator<std::__cxx11::basic_string<char, std::char_traits<char>, std::allocator<char> > > >, int) (main.cpp:124)
==2826==    by 0x10A593: main (main.cpp:163)
==2826==  Address 0x5d803f1 is 17 bytes inside a block of size 40 free'd
==2826==    at 0x4C3123B: operator delete(void*) (in /usr/lib/valgrind/vgpreload_memcheck-amd64-linux.so)
==2826==    by 0x109C92: Ocisti(Dijete*, std::__cxx11::basic_string<char, std::char_traits<char>, std::allocator<char> >) (main.cpp:55)
==2826==    by 0x10A095: Razvrstavanje(std::vector<std::__cxx11::basic_string<char, std::char_traits<char>, std::allocator<char> >, std::allocator<std::__cxx11::basic_string<char, std::char_traits<char>, std::allocator<char> > > >, int) (main.cpp:110)
==2826==    by 0x10A593: main (main.cpp:163)
==2826==  Block was alloc'd at
==2826==    at 0x4C3017F: operator new(unsigned long) (in /usr/lib/valgrind/vgpreload_memcheck-amd64-linux.so)
==2826==    by 0x109B44: Napravi(Dijete**, std::__cxx11::basic_string<char, std::char_traits<char>, std::allocator<char> >) (main.cpp:31)
==2826==    by 0x109F93: Razvrstavanje(std::vector<std::__cxx11::basic_string<char, std::char_traits<char>, std::allocator<char> >, std::allocator<std::__cxx11::basic_string<char, std::char_traits<char>, std::allocator<char> > > >, int) (main.cpp:97)
==2826==    by 0x10A593: main (main.cpp:163)
==2826== 
==2826== Invalid read of size 8
==2826==    at 0x109C64: Ocisti(Dijete*, std::__cxx11::basic_string<char, std::char_traits<char>, std::allocator<char> >) (main.cpp:53)
==2826==    by 0x10A1E5: Razvrstavanje(std::vector<std::__cxx11::basic_string<char, std::char_traits<char>, std::allocator<char> >, std::allocator<std::__cxx11::basic_string<char, std::char_traits<char>, std::allocator<char> > > >, int) (main.cpp:124)
==2826==    by 0x10A593: main (main.cpp:163)
==2826==  Address 0x5d80400 is 32 bytes inside a block of size 40 free'd
==2826==    at 0x4C3123B: operator delete(void*) (in /usr/lib/valgrind/vgpreload_memcheck-amd64-linux.so)
==2826==    by 0x109C92: Ocisti(Dijete*, std::__cxx11::basic_string<char, std::char_traits<char>, std::allocator<char> >) (main.cpp:55)
==2826==    by 0x10A095: Razvrstavanje(std::vector<std::__cxx11::basic_string<char, std::char_traits<char>, std::allocator<char> >, std::allocator<std::__cxx11::basic_string<char, std::char_traits<char>, std::allocator<char> > > >, int) (main.cpp:110)
==2826==    by 0x10A593: main (main.cpp:163)
==2826==  Block was alloc'd at
==2826==    at 0x4C3017F: operator new(unsigned long) (in /usr/lib/valgrind/vgpreload_memcheck-amd64-linux.so)
==2826==    by 0x109B44: Napravi(Dijete**, std::__cxx11::basic_string<char, std::char_traits<char>, std::allocator<char> >) (main.cpp:31)
==2826==    by 0x109F93: Razvrstavanje(std::vector<std::__cxx11::basic_string<char, std::char_traits<char>, std::allocator<char> >, std::allocator<std::__cxx11::basic_string<char, std::char_traits<char>, std::allocator<char> > > >, int) (main.cpp:97)
==2826==    by 0x10A593: main (main.cpp:163)
==2826== 
==2826== Invalid read of size 8
==2826==    at 0x5162F60: std::__cxx11::basic_string<char, std::char_traits<char>, std::allocator<char> >::~basic_string() (in /usr/lib/x86_64-linux-gnu/libstdc++.so.6.0.25)
==2826==    by 0x10AAF9: Dijete::~Dijete() (main.cpp:10)
==2826==    by 0x109C8A: Ocisti(Dijete*, std::__cxx11::basic_string<char, std::char_traits<char>, std::allocator<char> >) (main.cpp:55)
==2826==    by 0x10A1E5: Razvrstavanje(std::vector<std::__cxx11::basic_string<char, std::char_traits<char>, std::allocator<char> >, std::allocator<std::__cxx11::basic_string<char, std::char_traits<char>, std::allocator<char> > > >, int) (main.cpp:124)
==2826==    by 0x10A593: main (main.cpp:163)
==2826==  Address 0x5d803e0 is 0 bytes inside a block of size 40 free'd
==2826==    at 0x4C3123B: operator delete(void*) (in /usr/lib/valgrind/vgpreload_memcheck-amd64-linux.so)
==2826==    by 0x109C92: Ocisti(Dijete*, std::__cxx11::basic_string<char, std::char_traits<char>, std::allocator<char> >) (main.cpp:55)
==2826==    by 0x10A095: Razvrstavanje(std::vector<std::__cxx11::basic_string<char, std::char_traits<char>, std::allocator<char> >, std::allocator<std::__cxx11::basic_string<char, std::char_traits<char>, std::allocator<char> > > >, int) (main.cpp:110)
==2826==    by 0x10A593: main (main.cpp:163)
==2826==  Block was alloc'd at
==2826==    at 0x4C3017F: operator new(unsigned long) (in /usr/lib/valgrind/vgpreload_memcheck-amd64-linux.so)
==2826==    by 0x109B44: Napravi(Dijete**, std::__cxx11::basic_string<char, std::char_traits<char>, std::allocator<char> >) (main.cpp:31)
==2826==    by 0x109F93: Razvrstavanje(std::vector<std::__cxx11::basic_string<char, std::char_traits<char>, std::allocator<char> >, std::allocator<std::__cxx11::basic_string<char, std::char_traits<char>, std::allocator<char> > > >, int) (main.cpp:97)
==2826==    by 0x10A593: main (main.cpp:163)
==2826== 
==2826== Invalid free() / delete / delete[] / realloc()
==2826==    at 0x4C3123B: operator delete(void*) (in /usr/lib/valgrind/vgpreload_memcheck-amd64-linux.so)
==2826==    by 0x109C92: Ocisti(Dijete*, std::__cxx11::basic_string<char, std::char_traits<char>, std::allocator<char> >) (main.cpp:55)
==2826==    by 0x10A1E5: Razvrstavanje(std::vector<std::__cxx11::basic_string<char, std::char_traits<char>, std::allocator<char> >, std::allocator<std::__cxx11::basic_string<char, std::char_traits<char>, std::allocator<char> > > >, int) (main.cpp:124)
==2826==    by 0x10A593: main (main.cpp:163)
==2826==  Address 0x5d803e0 is 0 bytes inside a block of size 40 free'd
==2826==    at 0x4C3123B: operator delete(void*) (in /usr/lib/valgrind/vgpreload_memcheck-amd64-linux.so)
==2826==    by 0x109C92: Ocisti(Dijete*, std::__cxx11::basic_string<char, std::char_traits<char>, std::allocator<char> >) (main.cpp:55)
==2826==    by 0x10A095: Razvrstavanje(std::vector<std::__cxx11::basic_string<char, std::char_traits<char>, std::allocator<char> >, std::allocator<std::__cxx11::basic_string<char, std::char_traits<char>, std::allocator<char> > > >, int) (main.cpp:110)
==2826==    by 0x10A593: main (main.cpp:163)
==2826==  Block was alloc'd at
==2826==    at 0x4C3017F: operator new(unsigned long) (in /usr/lib/valgrind/vgpreload_memcheck-amd64-linux.so)
==2826==    by 0x109B44: Napravi(Dijete**, std::__cxx11::basic_string<char, std::char_traits<char>, std::allocator<char> >) (main.cpp:31)
==2826==    by 0x109F93: Razvrstavanje(std::vector<std::__cxx11::basic_string<char, std::char_traits<char>, std::allocator<char> >, std::allocator<std::__cxx11::basic_string<char, std::char_traits<char>, std::allocator<char> > > >, int) (main.cpp:97)
==2826==    by 0x10A593: main (main.cpp:163)
==2826== 
==2826== 
==2826== Process terminating with default action of signal 1 (SIGHUP)
==2826==    at 0x109AA6: duzina_stringa(std::__cxx11::basic_string<char, std::char_traits<char>, std::allocator<char> >) (main.cpp:17)
==2826==    by 0x10A194: Razvrstavanje(std::vector<std::__cxx11::basic_string<char, std::char_traits<char>, std::allocator<char> >, std::allocator<std::__cxx11::basic_string<char, std::char_traits<char>, std::allocator<char> > > >, int) (main.cpp:122)
==2826==    by 0x10A593: main (main.cpp:163)
==2826== 
==2826== HEAP SUMMARY:
==2826==     in use at exit: 368 bytes in 5 blocks
==2826==   total heap usage: 10 allocs, 171,849 frees, 74,232 bytes allocated
==2826== 
==2826== 80 (40 direct, 40 indirect) bytes in 1 blocks are definitely lost in loss record 3 of 5
==2826==    at 0x4C3017F: operator new(unsigned long) (in /usr/lib/valgrind/vgpreload_memcheck-amd64-linux.so)
==2826==    by 0x109B44: Napravi(Dijete**, std::__cxx11::basic_string<char, std::char_traits<char>, std::allocator<char> >) (main.cpp:31)
==2826==    by 0x109F93: Razvrstavanje(std::vector<std::__cxx11::basic_string<char, std::char_traits<char>, std::allocator<char> >, std::allocator<std::__cxx11::basic_string<char, std::char_traits<char>, std::allocator<char> > > >, int) (main.cpp:97)
==2826==    by 0x10A593: main (main.cpp:163)
==2826== 
==2826== LEAK SUMMARY:
==2826==    definitely lost: 40 bytes in 1 blocks
==2826==    indirectly lost: 40 bytes in 1 blocks
==2826==      possibly lost: 0 bytes in 0 blocks
==2826==    still reachable: 288 bytes in 3 blocks
==2826==         suppressed: 0 bytes in 0 blocks
==2826== Reachable blocks (those to which a pointer was found) are not shown.
==2826== To see them, rerun with: --leak-check=full --show-leak-kinds=all
==2826== 
==2826== For counts of detected and suppressed errors, rerun with: -v
==2826== ERROR SUMMARY: 2921356 errors from 13 contexts (suppressed: 0 from 0)
