==29998== Memcheck, a memory error detector
==29998== Copyright (C) 2002-2017, and GNU GPL'd, by Julian Seward et al.
==29998== Using Valgrind-3.13.0 and LibVEX; rerun with -h for copyright info
==29998== Command: /rhome/m/mkapo2/workspace/TP/T3/Z3/.runme
==29998== Parent PID: 29970
==29998== 
==29998== 
==29998== Process terminating with default action of signal 1 (SIGHUP)
==29998==    at 0x56EF081: read (read.c:27)
==29998==    by 0x566C147: _IO_file_underflow@@GLIBC_2.2.5 (fileops.c:531)
==29998==    by 0x566D3F1: _IO_default_uflow (genops.c:380)
==29998==    by 0x512B95C: __gnu_cxx::stdio_sync_filebuf<char, std::char_traits<char> >::underflow() (in /usr/lib/x86_64-linux-gnu/libstdc++.so.6.0.25)
==29998==    by 0x5139739: std::istream::sentry::sentry(std::istream&, bool) (in /usr/lib/x86_64-linux-gnu/libstdc++.so.6.0.25)
==29998==    by 0x513996D: std::istream::operator>>(int&) (in /usr/lib/x86_64-linux-gnu/libstdc++.so.6.0.25)
==29998==    by 0x108FF3: main (main.cpp:31)
==29998== 
==29998== HEAP SUMMARY:
==29998==     in use at exit: 0 bytes in 0 blocks
==29998==   total heap usage: 2 allocs, 2 frees, 73,728 bytes allocated
==29998== 
==29998== All heap blocks were freed -- no leaks are possible
==29998== 
==29998== For counts of detected and suppressed errors, rerun with: -v
==29998== ERROR SUMMARY: 0 errors from 0 contexts (suppressed: 0 from 0)
